C:\Users\164981\documents\visual studio 2010\Projects\QCudaCryptoComplex\QCudaCryptoComplex\Debug\cl.command.1.tlog
C:\Users\164981\documents\visual studio 2010\Projects\QCudaCryptoComplex\QCudaCryptoComplex\Debug\CL.read.1.tlog
C:\Users\164981\documents\visual studio 2010\Projects\QCudaCryptoComplex\QCudaCryptoComplex\Debug\CL.write.1.tlog
C:\Users\164981\documents\visual studio 2010\Projects\QCudaCryptoComplex\QCudaCryptoComplex\Debug\custombuild.command.1.tlog
C:\Users\164981\documents\visual studio 2010\Projects\QCudaCryptoComplex\QCudaCryptoComplex\Debug\custombuild.read.1.tlog
C:\Users\164981\documents\visual studio 2010\Projects\QCudaCryptoComplex\QCudaCryptoComplex\Debug\custombuild.write.1.tlog
C:\Users\164981\documents\visual studio 2010\Projects\QCudaCryptoComplex\QCudaCryptoComplex\Debug\kernel.cu.cache
C:\Users\164981\documents\visual studio 2010\Projects\QCudaCryptoComplex\QCudaCryptoComplex\Debug\kernel.cu.obj
C:\Users\164981\documents\visual studio 2010\Projects\QCudaCryptoComplex\QCudaCryptoComplex\Debug\link.command.1.tlog
C:\Users\164981\documents\visual studio 2010\Projects\QCudaCryptoComplex\QCudaCryptoComplex\Debug\link.read.1.tlog
C:\Users\164981\documents\visual studio 2010\Projects\QCudaCryptoComplex\QCudaCryptoComplex\Debug\link.write.1.tlog
C:\USERS\164981\DOCUMENTS\VISUAL STUDIO 2010\PROJECTS\QCUDACRYPTOCOMPLEX\QCUDACRYPTOCOMPLEX\DEBUG\MAIN.OBJ
C:\USERS\164981\DOCUMENTS\VISUAL STUDIO 2010\PROJECTS\QCUDACRYPTOCOMPLEX\QCUDACRYPTOCOMPLEX\DEBUG\MOC_QCUDACRYPTOCOMPLEX.OBJ
C:\USERS\164981\DOCUMENTS\VISUAL STUDIO 2010\PROJECTS\QCUDACRYPTOCOMPLEX\QCUDACRYPTOCOMPLEX\DEBUG\MOC_RUNTHREAD.OBJ
C:\Users\164981\documents\visual studio 2010\Projects\QCudaCryptoComplex\QCudaCryptoComplex\Debug\mt.command.1.tlog
C:\Users\164981\documents\visual studio 2010\Projects\QCudaCryptoComplex\QCudaCryptoComplex\Debug\mt.read.1.tlog
C:\Users\164981\documents\visual studio 2010\Projects\QCudaCryptoComplex\QCudaCryptoComplex\Debug\mt.write.1.tlog
C:\USERS\164981\DOCUMENTS\VISUAL STUDIO 2010\PROJECTS\QCUDACRYPTOCOMPLEX\QCUDACRYPTOCOMPLEX\DEBUG\QCUDACRYPTOCOMPLEX.EXE.INTERMEDIATE.MANIFEST
C:\USERS\164981\DOCUMENTS\VISUAL STUDIO 2010\PROJECTS\QCUDACRYPTOCOMPLEX\QCUDACRYPTOCOMPLEX\DEBUG\QCUDACRYPTOCOMPLEX.OBJ
C:\Users\164981\documents\visual studio 2010\Projects\QCudaCryptoComplex\QCudaCryptoComplex\Debug\QCudaCryptoComplex.write.1.tlog
C:\USERS\164981\DOCUMENTS\VISUAL STUDIO 2010\PROJECTS\QCUDACRYPTOCOMPLEX\QCUDACRYPTOCOMPLEX\DEBUG\QRC_QCUDACRYPTOCOMPLEX.OBJ
C:\USERS\164981\DOCUMENTS\VISUAL STUDIO 2010\PROJECTS\QCUDACRYPTOCOMPLEX\QCUDACRYPTOCOMPLEX\DEBUG\RUNTHREAD.OBJ
C:\USERS\164981\DOCUMENTS\VISUAL STUDIO 2010\PROJECTS\QCUDACRYPTOCOMPLEX\QCUDACRYPTOCOMPLEX\DEBUG\VC100.PDB
C:\USERS\164981\DOCUMENTS\VISUAL STUDIO 2010\PROJECTS\QCUDACRYPTOCOMPLEX\QCUDACRYPTOCOMPLEX\GENERATEDFILES\DEBUG\MOC_QCUDACRYPTOCOMPLEX.CPP
C:\USERS\164981\DOCUMENTS\VISUAL STUDIO 2010\PROJECTS\QCUDACRYPTOCOMPLEX\QCUDACRYPTOCOMPLEX\GENERATEDFILES\DEBUG\MOC_RUNTHREAD.CPP
C:\USERS\164981\DOCUMENTS\VISUAL STUDIO 2010\PROJECTS\QCUDACRYPTOCOMPLEX\QCUDACRYPTOCOMPLEX\GENERATEDFILES\QRC_QCUDACRYPTOCOMPLEX.CPP
C:\USERS\164981\DOCUMENTS\VISUAL STUDIO 2010\PROJECTS\QCUDACRYPTOCOMPLEX\QCUDACRYPTOCOMPLEX\GENERATEDFILES\UI_QCUDACRYPTOCOMPLEX.H
C:\USERS\164981\DOCUMENTS\VISUAL STUDIO 2010\PROJECTS\QCUDACRYPTOCOMPLEX\WIN32\DEBUG\QCUDACRYPTOCOMPLEX.EXE
C:\USERS\164981\DOCUMENTS\VISUAL STUDIO 2010\PROJECTS\QCUDACRYPTOCOMPLEX\WIN32\DEBUG\QCUDACRYPTOCOMPLEX.ILK
C:\USERS\164981\DOCUMENTS\VISUAL STUDIO 2010\PROJECTS\QCUDACRYPTOCOMPLEX\WIN32\DEBUG\QCUDACRYPTOCOMPLEX.PDB
